-------------------------------------------------------------------------------
Test set: vbt.poc.springtemplate.SpringTemplateApplicationTests
-------------------------------------------------------------------------------
Tests run: 1, Failures: 0, Errors: 1, Skipped: 0, Time elapsed: 8.401 s <<< FAILURE! - in vbt.poc.springtemplate.SpringTemplateApplicationTests
contextLoads  Time elapsed: 0.001 s  <<< ERROR!
java.lang.IllegalStateException: Failed to load ApplicationContext
Caused by: org.springframework.beans.factory.BeanCreationException: Error creating bean with name 'liquibase' defined in class path resource [org/springframework/boot/autoconfigure/liquibase/LiquibaseAutoConfiguration$LiquibaseConfiguration.class]: Invocation of init method failed; nested exception is liquibase.exception.DatabaseException: java.sql.SQLSyntaxErrorException: Access denied for user 'db_user'@'%' to database 'liquibase_db'
Caused by: liquibase.exception.DatabaseException: java.sql.SQLSyntaxErrorException: Access denied for user 'db_user'@'%' to database 'liquibase_db'
Caused by: java.sql.SQLSyntaxErrorException: Access denied for user 'db_user'@'%' to database 'liquibase_db'

